<?xml version="1.0" encoding="UTF-8"?>
<testng-results ignored="1" total="4" passed="3" failed="0" skipped="0">
  <reporter-output>
  </reporter-output>
  <suite started-at="2025-11-07T12:43:25 IST" name="Suite" finished-at="2025-11-07T12:43:25 IST" duration-ms="115">
    <groups>
      <group name="smoke">
        <method signature="ContactTest.createcontactTest()[pri:0, instance:pac1.ContactTest@2b662a77]" name="createcontactTest" class="pac1.ContactTest"/>
        <method signature="ContactTest.modifycontact()[pri:0, instance:pac1.ContactTest@2b662a77]" name="modifycontact" class="pac1.ContactTest"/>
        <method signature="orgTest.createorgTest()[pri:0, instance:pac2.orgTest@6069db50]" name="createorgTest" class="pac2.orgTest"/>
      </group> <!-- smoke -->
      <group name="FullRegression">
        <method signature="ContactTest.modifycontact()[pri:0, instance:pac1.ContactTest@2b662a77]" name="modifycontact" class="pac1.ContactTest"/>
      </group> <!-- FullRegression -->
    </groups>
    <test started-at="2025-11-07T12:43:25 IST" name="Test" finished-at="2025-11-07T12:43:25 IST" duration-ms="115">
      <class name="pac2.orgTest">
        <test-method signature="createorgTest()[pri:0, instance:pac2.orgTest@6069db50]" started-at="2025-11-07T12:43:25 IST" name="createorgTest" finished-at="2025-11-07T12:43:25 IST" duration-ms="4" status="PASS">
          <reporter-output>
          </reporter-output>
        </test-method> <!-- createorgTest -->
      </class> <!-- pac2.orgTest -->
      <class name="pac1.ContactTest">
        <test-method signature="createcontactTest()[pri:0, instance:pac1.ContactTest@2b662a77]" started-at="2025-11-07T12:43:25 IST" name="createcontactTest" finished-at="2025-11-07T12:43:25 IST" duration-ms="17" status="PASS">
          <reporter-output>
          </reporter-output>
        </test-method> <!-- createcontactTest -->
        <test-method signature="modifycontact()[pri:0, instance:pac1.ContactTest@2b662a77]" started-at="2025-11-07T12:43:25 IST" name="modifycontact" finished-at="2025-11-07T12:43:25 IST" duration-ms="3" status="PASS">
          <reporter-output>
          </reporter-output>
        </test-method> <!-- modifycontact -->
      </class> <!-- pac1.ContactTest -->
    </test> <!-- Test -->
  </suite> <!-- Suite -->
</testng-results>
