<?xml version="1.0" encoding="UTF-8"?>
<!-- Generated by org.testng.reporters.JUnitXMLReporter -->
<testsuite ignored="1" hostname="DESKTOP-M76QHDQ" failures="0" tests="3" name="Test" time="0.115" errors="0" timestamp="2025-11-07T12:43:25 IST">
  <testcase classname="pac1.ContactTest" name="createcontactTest" time="0.017"/>
  <testcase classname="pac1.ContactTest" name="modifycontact" time="0.003"/>
  <testcase classname="pac2.orgTest" name="createorgTest" time="0.004"/>
  <testcase classname="pac2.orgTest" name="modifyorgTest" time="0.0">
    <ignored/>
  </testcase> <!-- modifyorgTest -->
</testsuite> <!-- Test -->
